24-08-16.11:50:04.297 [main            ] WARN  DnsServerAddressStreamProviders - Can not find io.netty.resolver.dns.macos.MacOSDnsServerAddressStreamProvider in the classpath, fallback to system defaults. This may result in incorrect DNS resolutions on MacOS. Check whether you have a dependency on 'io.netty:netty-resolver-dns-native-macos'
24-08-16.11:50:06.653 [main            ] WARN  RaffleOrderTest        - 活动未开启（非open状态）
24-08-16.11:50:06.658 [main            ] WARN  RaffleOrderTest        - 活动未开启（非open状态）
24-08-16.11:50:06.664 [main            ] WARN  RaffleOrderTest        - 活动未开启（非open状态）
24-08-16.11:50:06.679 [main            ] WARN  RaffleOrderTest        - 活动未开启（非open状态）
24-08-16.11:50:06.685 [main            ] WARN  RaffleOrderTest        - 活动未开启（非open状态）
24-08-16.11:50:06.689 [main            ] WARN  RaffleOrderTest        - 活动未开启（非open状态）
24-08-16.11:50:06.700 [main            ] WARN  RaffleOrderTest        - 活动未开启（非open状态）
24-08-16.11:50:06.705 [main            ] WARN  RaffleOrderTest        - 活动未开启（非open状态）
24-08-16.11:50:06.710 [main            ] WARN  RaffleOrderTest        - 活动未开启（非open状态）
24-08-16.11:50:06.713 [main            ] WARN  RaffleOrderTest        - 活动未开启（非open状态）
24-08-16.11:50:06.717 [main            ] WARN  RaffleOrderTest        - 活动未开启（非open状态）
24-08-16.11:50:06.720 [main            ] WARN  RaffleOrderTest        - 活动未开启（非open状态）
24-08-16.11:50:06.726 [main            ] WARN  RaffleOrderTest        - 活动未开启（非open状态）
24-08-16.11:50:06.729 [main            ] WARN  RaffleOrderTest        - 活动未开启（非open状态）
24-08-16.11:50:06.734 [main            ] WARN  RaffleOrderTest        - 活动未开启（非open状态）
24-08-16.11:50:06.738 [main            ] WARN  RaffleOrderTest        - 活动未开启（非open状态）
24-08-16.11:50:06.741 [main            ] WARN  RaffleOrderTest        - 活动未开启（非open状态）
24-08-16.11:50:06.745 [main            ] WARN  RaffleOrderTest        - 活动未开启（非open状态）
24-08-16.11:50:06.748 [main            ] WARN  RaffleOrderTest        - 活动未开启（非open状态）
24-08-16.11:50:06.753 [main            ] WARN  RaffleOrderTest        - 活动未开启（非open状态）
24-08-16.11:50:51.587 [main            ] WARN  DnsServerAddressStreamProviders - Can not find io.netty.resolver.dns.macos.MacOSDnsServerAddressStreamProvider in the classpath, fallback to system defaults. This may result in incorrect DNS resolutions on MacOS. Check whether you have a dependency on 'io.netty:netty-resolver-dns-native-macos'
24-08-16.11:50:53.696 [main            ] WARN  RaffleOrderTest        - 活动库存不足
24-08-16.11:50:53.701 [main            ] WARN  RaffleOrderTest        - 活动库存不足
24-08-16.11:50:53.706 [main            ] WARN  RaffleOrderTest        - 活动库存不足
24-08-16.11:50:53.711 [main            ] WARN  RaffleOrderTest        - 活动库存不足
24-08-16.11:50:53.717 [main            ] WARN  RaffleOrderTest        - 活动库存不足
24-08-16.11:50:53.721 [main            ] WARN  RaffleOrderTest        - 活动库存不足
24-08-16.11:50:53.727 [main            ] WARN  RaffleOrderTest        - 活动库存不足
24-08-16.11:50:53.732 [main            ] WARN  RaffleOrderTest        - 活动库存不足
24-08-16.11:50:53.736 [main            ] WARN  RaffleOrderTest        - 活动库存不足
24-08-16.11:50:53.740 [main            ] WARN  RaffleOrderTest        - 活动库存不足
24-08-16.11:50:53.744 [main            ] WARN  RaffleOrderTest        - 活动库存不足
24-08-16.11:50:53.748 [main            ] WARN  RaffleOrderTest        - 活动库存不足
24-08-16.11:50:53.752 [main            ] WARN  RaffleOrderTest        - 活动库存不足
24-08-16.11:50:53.759 [main            ] WARN  RaffleOrderTest        - 活动库存不足
24-08-16.11:50:53.765 [main            ] WARN  RaffleOrderTest        - 活动库存不足
24-08-16.11:50:53.769 [main            ] WARN  RaffleOrderTest        - 活动库存不足
24-08-16.11:50:53.774 [main            ] WARN  RaffleOrderTest        - 活动库存不足
24-08-16.11:50:53.777 [main            ] WARN  RaffleOrderTest        - 活动库存不足
24-08-16.11:50:53.791 [main            ] WARN  RaffleOrderTest        - 活动库存不足
24-08-16.11:50:53.912 [main            ] WARN  RaffleOrderTest        - 活动库存不足
24-08-16.12:12:08.327 [Retail_HikariCP housekeeper] WARN  HikariPool             - Retail_HikariCP - Thread starvation or clock leap detected (housekeeper delta=15m44s540ms).
24-08-16.12:24:22.499 [Retail_HikariCP housekeeper] WARN  HikariPool             - Retail_HikariCP - Thread starvation or clock leap detected (housekeeper delta=11m44s179ms).
24-08-16.12:50:10.752 [Retail_HikariCP housekeeper] WARN  HikariPool             - Retail_HikariCP - Thread starvation or clock leap detected (housekeeper delta=14m48s205ms).
24-08-16.12:57:36.600 [Retail_HikariCP housekeeper] WARN  HikariPool             - Retail_HikariCP - Thread starvation or clock leap detected (housekeeper delta=6m55s840ms).
24-08-16.13:13:39.267 [Retail_HikariCP housekeeper] WARN  HikariPool             - Retail_HikariCP - Thread starvation or clock leap detected (housekeeper delta=15m32s657ms).
24-08-16.13:22:48.738 [Retail_HikariCP housekeeper] WARN  HikariPool             - Retail_HikariCP - Thread starvation or clock leap detected (housekeeper delta=9m9s471ms).
24-08-16.13:40:16.524 [Retail_HikariCP housekeeper] WARN  HikariPool             - Retail_HikariCP - Thread starvation or clock leap detected (housekeeper delta=16m27s774ms).
24-08-16.13:43:10.313 [Retail_HikariCP housekeeper] WARN  HikariPool             - Retail_HikariCP - Thread starvation or clock leap detected (housekeeper delta=2m53s790ms).
24-08-16.13:45:51.814 [Retail_HikariCP housekeeper] WARN  HikariPool             - Retail_HikariCP - Thread starvation or clock leap detected (housekeeper delta=1m11s466ms).
24-08-16.14:04:00.030 [Retail_HikariCP housekeeper] WARN  HikariPool             - Retail_HikariCP - Thread starvation or clock leap detected (housekeeper delta=15m38s166ms).
24-08-16.14:11:56.483 [Retail_HikariCP housekeeper] WARN  HikariPool             - Retail_HikariCP - Thread starvation or clock leap detected (housekeeper delta=5m56s409ms).
24-08-16.14:15:24.084 [Retail_HikariCP housekeeper] WARN  HikariPool             - Retail_HikariCP - Thread starvation or clock leap detected (housekeeper delta=1m57s574ms).
24-08-16.14:17:21.172 [Retail_HikariCP housekeeper] WARN  HikariPool             - Retail_HikariCP - Thread starvation or clock leap detected (housekeeper delta=1m57s88ms).
24-08-16.14:27:04.459 [main            ] WARN  DnsServerAddressStreamProviders - Can not find io.netty.resolver.dns.macos.MacOSDnsServerAddressStreamProvider in the classpath, fallback to system defaults. This may result in incorrect DNS resolutions on MacOS. Check whether you have a dependency on 'io.netty:netty-resolver-dns-native-macos'
24-08-16.14:27:06.590 [main            ] WARN  RaffleOrderTest        - 活动库存不足
24-08-16.14:27:06.594 [main            ] WARN  RaffleOrderTest        - 活动库存不足
24-08-16.14:27:06.600 [main            ] WARN  RaffleOrderTest        - 活动库存不足
24-08-16.14:27:06.604 [main            ] WARN  RaffleOrderTest        - 活动库存不足
24-08-16.14:27:06.610 [main            ] WARN  RaffleOrderTest        - 活动库存不足
24-08-16.14:27:06.614 [main            ] WARN  RaffleOrderTest        - 活动库存不足
24-08-16.14:27:06.619 [main            ] WARN  RaffleOrderTest        - 活动库存不足
24-08-16.14:27:06.625 [main            ] WARN  RaffleOrderTest        - 活动库存不足
24-08-16.14:27:06.641 [main            ] WARN  RaffleOrderTest        - 活动库存不足
24-08-16.14:27:06.647 [main            ] WARN  RaffleOrderTest        - 活动库存不足
24-08-16.14:27:06.651 [main            ] WARN  RaffleOrderTest        - 活动库存不足
24-08-16.14:27:06.656 [main            ] WARN  RaffleOrderTest        - 活动库存不足
24-08-16.14:27:06.660 [main            ] WARN  RaffleOrderTest        - 活动库存不足
24-08-16.14:27:06.664 [main            ] WARN  RaffleOrderTest        - 活动库存不足
24-08-16.14:27:06.672 [main            ] WARN  RaffleOrderTest        - 活动库存不足
24-08-16.14:27:06.678 [main            ] WARN  RaffleOrderTest        - 活动库存不足
24-08-16.14:27:06.683 [main            ] WARN  RaffleOrderTest        - 活动库存不足
24-08-16.14:27:06.692 [main            ] WARN  RaffleOrderTest        - 活动库存不足
24-08-16.14:27:06.696 [main            ] WARN  RaffleOrderTest        - 活动库存不足
24-08-16.14:27:06.699 [main            ] WARN  RaffleOrderTest        - 活动库存不足
24-08-16.14:43:28.759 [main            ] WARN  DnsServerAddressStreamProviders - Can not find io.netty.resolver.dns.macos.MacOSDnsServerAddressStreamProvider in the classpath, fallback to system defaults. This may result in incorrect DNS resolutions on MacOS. Check whether you have a dependency on 'io.netty:netty-resolver-dns-native-macos'
24-08-16.14:48:37.615 [Retail_HikariCP housekeeper] WARN  HikariPool             - Retail_HikariCP - Thread starvation or clock leap detected (housekeeper delta=5m34s741ms).
24-08-16.14:48:47.002 [AMQP Connection 127.0.0.1:5672] WARN  ForgivingExceptionHandler - An unexpected connection driver error occurred (Exception message: Connection reset)
24-08-16.14:49:29.006 [Retail_HikariCP housekeeper] WARN  HikariPool             - Retail_HikariCP - Thread starvation or clock leap detected (housekeeper delta=52s959ms).
24-08-16.14:50:28.865 [main            ] WARN  RaffleOrderTest        - 活动库存不足
24-08-16.14:50:28.865 [Retail_HikariCP housekeeper] WARN  HikariPool             - Retail_HikariCP - Thread starvation or clock leap detected (housekeeper delta=59s858ms).
24-08-16.14:50:28.920 [main            ] WARN  RaffleOrderTest        - 活动库存不足
24-08-16.14:50:28.928 [main            ] WARN  RaffleOrderTest        - 活动库存不足
24-08-16.14:50:28.934 [main            ] WARN  RaffleOrderTest        - 活动库存不足
24-08-16.14:50:28.938 [main            ] WARN  RaffleOrderTest        - 活动库存不足
24-08-16.14:50:28.946 [main            ] WARN  RaffleOrderTest        - 活动库存不足
24-08-16.14:50:28.953 [main            ] WARN  RaffleOrderTest        - 活动库存不足
24-08-16.14:50:28.961 [main            ] WARN  RaffleOrderTest        - 活动库存不足
24-08-16.14:50:28.964 [main            ] WARN  RaffleOrderTest        - 活动库存不足
24-08-16.14:50:28.968 [main            ] WARN  RaffleOrderTest        - 活动库存不足
24-08-16.14:50:28.973 [main            ] WARN  RaffleOrderTest        - 活动库存不足
24-08-16.14:50:28.977 [main            ] WARN  RaffleOrderTest        - 活动库存不足
24-08-16.14:50:28.993 [main            ] WARN  RaffleOrderTest        - 活动库存不足
24-08-16.14:50:28.997 [main            ] WARN  RaffleOrderTest        - 活动库存不足
24-08-16.14:50:29.003 [main            ] WARN  RaffleOrderTest        - 活动库存不足
24-08-16.14:50:29.009 [main            ] WARN  RaffleOrderTest        - 活动库存不足
24-08-16.14:50:29.015 [main            ] WARN  RaffleOrderTest        - 活动库存不足
24-08-16.14:50:29.046 [main            ] WARN  RaffleOrderTest        - 活动库存不足
24-08-16.14:50:29.051 [main            ] WARN  RaffleOrderTest        - 活动库存不足
24-08-16.14:50:29.054 [main            ] WARN  RaffleOrderTest        - 活动库存不足
24-08-16.14:50:34.118 [main            ] WARN  DnsServerAddressStreamProviders - Can not find io.netty.resolver.dns.macos.MacOSDnsServerAddressStreamProvider in the classpath, fallback to system defaults. This may result in incorrect DNS resolutions on MacOS. Check whether you have a dependency on 'io.netty:netty-resolver-dns-native-macos'
24-08-16.14:52:33.335 [Retail_HikariCP housekeeper] WARN  HikariPool             - Retail_HikariCP - Thread starvation or clock leap detected (housekeeper delta=2m23s982ms).
24-08-16.14:53:28.449 [Retail_HikariCP housekeeper] WARN  HikariPool             - Retail_HikariCP - Thread starvation or clock leap detected (housekeeper delta=47s445ms).
24-08-16.14:53:56.724 [main            ] WARN  RaffleOrderTest        - 活动库存不足
24-08-16.14:53:56.800 [main            ] WARN  RaffleOrderTest        - 活动库存不足
24-08-16.14:53:56.805 [main            ] WARN  RaffleOrderTest        - 活动库存不足
24-08-16.14:53:56.809 [main            ] WARN  RaffleOrderTest        - 活动库存不足
24-08-16.14:53:56.813 [main            ] WARN  RaffleOrderTest        - 活动库存不足
24-08-16.14:53:56.856 [main            ] WARN  RaffleOrderTest        - 活动库存不足
24-08-16.14:53:56.863 [main            ] WARN  RaffleOrderTest        - 活动库存不足
24-08-16.14:53:56.870 [main            ] WARN  RaffleOrderTest        - 活动库存不足
24-08-16.14:53:56.874 [main            ] WARN  RaffleOrderTest        - 活动库存不足
24-08-16.14:53:56.881 [main            ] WARN  RaffleOrderTest        - 活动库存不足
24-08-16.14:53:56.885 [main            ] WARN  RaffleOrderTest        - 活动库存不足
24-08-16.14:53:56.889 [main            ] WARN  RaffleOrderTest        - 活动库存不足
24-08-16.14:54:15.866 [main            ] WARN  DnsServerAddressStreamProviders - Can not find io.netty.resolver.dns.macos.MacOSDnsServerAddressStreamProvider in the classpath, fallback to system defaults. This may result in incorrect DNS resolutions on MacOS. Check whether you have a dependency on 'io.netty:netty-resolver-dns-native-macos'
24-08-16.14:56:31.472 [Retail_HikariCP housekeeper] WARN  HikariPool             - Retail_HikariCP - Thread starvation or clock leap detected (housekeeper delta=47s207ms).
24-08-16.14:56:31.507 [main            ] WARN  RaffleOrderTest        - 活动库存不足
24-08-16.14:56:31.537 [scheduling-1    ] ERROR UpdateActivitySkuStockJob - 定时任务，更新活动sku消费库存失败
org.springframework.dao.QueryTimeoutException: Redis server response timeout (3000 ms) occured after 3 retry attempts, is non-idempotent command: true Check connection with Redis node: 127.0.0.1/127.0.0.1:6379 for TCP packet drops or bandwidth limits.  Try to increase nettyThreads and/or timeout settings. Command: (LPOP), params: [activity_sku_count_query_key_], channel: [id: 0xa9a7b641, L:/127.0.0.1:53115 - R:127.0.0.1/127.0.0.1:6379]; nested exception is org.redisson.client.RedisResponseTimeoutException: Redis server response timeout (3000 ms) occured after 3 retry attempts, is non-idempotent command: true Check connection with Redis node: 127.0.0.1/127.0.0.1:6379 for TCP packet drops or bandwidth limits.  Try to increase nettyThreads and/or timeout settings. Command: (LPOP), params: [activity_sku_count_query_key_], channel: [id: 0xa9a7b641, L:/127.0.0.1:53115 - R:127.0.0.1/127.0.0.1:6379]
	at org.redisson.spring.data.connection.RedissonExceptionConverter.convert(RedissonExceptionConverter.java:48)
	at org.redisson.spring.data.connection.RedissonExceptionConverter.convert(RedissonExceptionConverter.java:35)
	at org.springframework.data.redis.PassThroughExceptionTranslationStrategy.translate(PassThroughExceptionTranslationStrategy.java:44)
	at org.redisson.spring.data.connection.RedissonConnectionFactory.translateExceptionIfPossible(RedissonConnectionFactory.java:91)
	at org.springframework.dao.support.ChainedPersistenceExceptionTranslator.translateExceptionIfPossible(ChainedPersistenceExceptionTranslator.java:61)
	at org.springframework.dao.support.DataAccessUtils.translateIfNecessary(DataAccessUtils.java:242)
	at org.springframework.dao.support.PersistenceExceptionTranslationInterceptor.invoke(PersistenceExceptionTranslationInterceptor.java:152)
	at org.springframework.aop.framework.ReflectiveMethodInvocation.proceed(ReflectiveMethodInvocation.java:186)
	at org.springframework.aop.framework.CglibAopProxy$CglibMethodInvocation.proceed(CglibAopProxy.java:763)
	at org.springframework.aop.framework.CglibAopProxy$DynamicAdvisedInterceptor.intercept(CglibAopProxy.java:708)
	at com.rc.infrastructure.persistent.repository.ActivityRepository$$EnhancerBySpringCGLIB$$6e2c8955.takeQueueValue(<generated>)
	at com.rc.domain.activity.service.RaffleActivityService.takeQueueValue(RaffleActivityService.java:70)
	at com.rc.trigger.job.UpdateActivitySkuStockJob.exec(UpdateActivitySkuStockJob.java:30)
	at sun.reflect.NativeMethodAccessorImpl.invoke0(Native Method)
	at sun.reflect.NativeMethodAccessorImpl.invoke(NativeMethodAccessorImpl.java:62)
	at sun.reflect.DelegatingMethodAccessorImpl.invoke(DelegatingMethodAccessorImpl.java:43)
	at java.lang.reflect.Method.invoke(Method.java:498)
	at org.springframework.scheduling.support.ScheduledMethodRunnable.run(ScheduledMethodRunnable.java:84)
	at org.springframework.scheduling.support.DelegatingErrorHandlingRunnable.run(DelegatingErrorHandlingRunnable.java:54)
	at org.springframework.scheduling.concurrent.ReschedulingRunnable.run(ReschedulingRunnable.java:95)
	at java.util.concurrent.Executors$RunnableAdapter.call(Executors.java:511)
	at java.util.concurrent.FutureTask.run$$$capture(FutureTask.java:266)
	at java.util.concurrent.FutureTask.run(FutureTask.java)
	at java.util.concurrent.ScheduledThreadPoolExecutor$ScheduledFutureTask.access$201(ScheduledThreadPoolExecutor.java:180)
	at java.util.concurrent.ScheduledThreadPoolExecutor$ScheduledFutureTask.run(ScheduledThreadPoolExecutor.java:293)
	at java.util.concurrent.ThreadPoolExecutor.runWorker(ThreadPoolExecutor.java:1149)
	at java.util.concurrent.ThreadPoolExecutor$Worker.run(ThreadPoolExecutor.java:624)
	at java.lang.Thread.run(Thread.java:750)
Caused by: org.redisson.client.RedisResponseTimeoutException: Redis server response timeout (3000 ms) occured after 3 retry attempts, is non-idempotent command: true Check connection with Redis node: 127.0.0.1/127.0.0.1:6379 for TCP packet drops or bandwidth limits.  Try to increase nettyThreads and/or timeout settings. Command: (LPOP), params: [activity_sku_count_query_key_], channel: [id: 0xa9a7b641, L:/127.0.0.1:53115 - R:127.0.0.1/127.0.0.1:6379]
	at org.redisson.command.RedisExecutor.lambda$scheduleResponseTimeout$9(RedisExecutor.java:407)
	at io.netty.util.HashedWheelTimer$HashedWheelTimeout.run(HashedWheelTimer.java:715)
	at io.netty.util.concurrent.ImmediateExecutor.execute(ImmediateExecutor.java:34)
	at io.netty.util.HashedWheelTimer$HashedWheelTimeout.expire(HashedWheelTimer.java:703)
	at io.netty.util.HashedWheelTimer$HashedWheelBucket.expireTimeouts(HashedWheelTimer.java:790)
	at io.netty.util.HashedWheelTimer$Worker.run(HashedWheelTimer.java:503)
	at io.netty.util.concurrent.FastThreadLocalRunnable.run(FastThreadLocalRunnable.java:30)
	... 1 common frames omitted
24-08-16.14:56:31.582 [main            ] WARN  RaffleOrderTest        - 活动库存不足
24-08-16.14:56:31.610 [main            ] WARN  RaffleOrderTest        - 活动库存不足
24-08-16.14:56:31.715 [main            ] WARN  RaffleOrderTest        - 活动库存不足
24-08-16.14:56:31.781 [main            ] WARN  RaffleOrderTest        - 活动库存不足
24-08-16.14:57:16.335 [main            ] WARN  DnsServerAddressStreamProviders - Can not find io.netty.resolver.dns.macos.MacOSDnsServerAddressStreamProvider in the classpath, fallback to system defaults. This may result in incorrect DNS resolutions on MacOS. Check whether you have a dependency on 'io.netty:netty-resolver-dns-native-macos'
24-08-16.14:59:22.742 [main            ] WARN  RaffleOrderTest        - 活动库存不足
